<?xml version="1.0" encoding="UTF-8"?>
<testng-results skipped="0" failed="0" total="1" passed="1">
  <reporter-output>
  </reporter-output>
  <suite name="Suite" duration-ms="79" started-at="2016-10-12T04:49:51Z" finished-at="2016-10-12T04:49:51Z">
    <groups>
    </groups>
    <test name="Test" duration-ms="79" started-at="2016-10-12T04:49:51Z" finished-at="2016-10-12T04:49:51Z">
      <class name="com.glx.Ambuj.DemoTest">
        <test-method status="PASS" signature="jenkinstest()[pri:0, instance:com.glx.Ambuj.DemoTest@cb644e]" name="jenkinstest" duration-ms="21" started-at="2016-10-12T10:19:51Z" finished-at="2016-10-12T10:19:51Z">
          <reporter-output>
          </reporter-output>
        </test-method> <!-- jenkinstest -->
      </class> <!-- com.glx.Ambuj.DemoTest -->
    </test> <!-- Test -->
  </suite> <!-- Suite -->
</testng-results>
